Time slot   0
ld_routine
=== DEBUG: Loading process 1/8 ===
    Path: input/proc/p0s
    Start time: 1 (current: 0)
    Priority: 130
    Loaded successfully, PID=1
    Waiting for start time...
    Start time reached (current: 1)
    Allocating mm_struct (size=504)...
    mm_struct allocated at 0x74fdb4000e40
    mm_struct cleared
    Calling init_mm...
Time slot   1
    init_mm completed successfully
    Memory devices assigned
	Loaded a process at input/proc/p0s, PID: 1 PRIO: 130
    Adding to scheduler...
    Added successfully
    Moving to next slot...
=== DEBUG: Loading process 2/8 ===
    Path: input/proc/m0s
    Start time: 2 (current: 2)
    Priority: 120
	CPU 3: Dispatched process  1
Time slot   2
    Loaded successfully, PID=2
    Waiting for start time...
    Start time reached (current: 2)
    Allocating mm_struct (size=504)...
    mm_struct allocated at 0x74fdb4001210
    mm_struct cleared
    Calling init_mm...
    init_mm completed successfully
    Memory devices assigned
	Loaded a process at input/proc/m0s, PID: 2 PRIO: 120
    Adding to scheduler...
    Added successfully
    Moving to next slot...
=== DEBUG: Loading process 3/8 ===
    Path: input/proc/s3
    Start time: 4 (current: 3)
    Priority: 39
	CPU 2: Dispatched process  2
Time slot   3
liballoc:248
print_pgtbl:
 PDG=74fdb4011f80 P4g=74fdb4011f80 PUD=74fdb4011f80 PMD=74fdb4011f80
	CPU 3: Put process  1 to run queue
    Loaded successfully, PID=3
    Waiting for start time...
